# JRE version: OpenJDK Runtime Environment Temurin-17.0.17+10 (17.0.17+10) (build 17.0.17+10)
# Java VM: OpenJDK 64-Bit Server VM Temurin-17.0.17+10 (17.0.17+10, mixed mode, emulated-client, sharing, tiered, compressed oops, compressed class ptrs, g1 gc, windows-amd64)
GC Precious Log:
 CPUs: 8 total, 8 available
 Memory: 24270M
 Large Page Support: Disabled
 NUMA Support: Disabled
 Compressed Oops: Enabled (Zero based)
 Heap Region Size: 4M
 Heap Min Capacity: 8M
 Heap Initial Capacity: 380M
 Heap Max Capacity: 6068M
 Pre-touch: Disabled
 Parallel Workers: 8
 Concurrent Workers: 2
 Concurrent Refinement Workers: 8
 Periodic GC: Disabled
Heap:
 garbage-first heap   total 110592K, used 39465K [0x0000000684c00000, 0x0000000800000000)
  region size 4096K, 7 young (28672K), 2 survivors (8192K)
 Metaspace       used 39639K, committed 40128K, reserved 1114112K
  class space    used 5710K, committed 5952K, reserved 1048576K
GC Heap History (18 events):
Event: 0.497 GC heap before
{Heap before GC invocations=0 (full 0):
 garbage-first heap   total 389120K, used 16384K [0x0000000684c00000, 0x0000000800000000)
  region size 4096K, 5 young (20480K), 0 survivors (0K)
 Metaspace       used 5817K, committed 6016K, reserved 1114112K
  class space    used 714K, committed 832K, reserved 1048576K
}
Event: 0.501 GC heap after
{Heap after GC invocations=1 (full 0):
 garbage-first heap   total 389120K, used 8146K [0x0000000684c00000, 0x0000000800000000)
  region size 4096K, 1 young (4096K), 1 survivors (4096K)
 Metaspace       used 5817K, committed 6016K, reserved 1114112K
  class space    used 714K, committed 832K, reserved 1048576K
}
Event: 0.693 GC heap before
{Heap before GC invocations=1 (full 0):
 garbage-first heap   total 389120K, used 20434K [0x0000000684c00000, 0x0000000800000000)
  region size 4096K, 4 young (16384K), 1 survivors (4096K)
 Metaspace       used 8769K, committed 8960K, reserved 1114112K
  class space    used 1152K, committed 1280K, reserved 1048576K
}
Event: 0.695 GC heap after
{Heap after GC invocations=2 (full 0):
 garbage-first heap   total 389120K, used 9356K [0x0000000684c00000, 0x0000000800000000)
  region size 4096K, 1 young (4096K), 1 survivors (4096K)
 Metaspace       used 8769K, committed 8960K, reserved 1114112K
  class space    used 1152K, committed 1280K, reserved 1048576K
}
Event: 1.068 GC heap before
{Heap before GC invocations=2 (full 0):
 garbage-first heap   total 389120K, used 54412K [0x0000000684c00000, 0x0000000800000000)
  region size 4096K, 12 young (49152K), 1 survivors (4096K)
 Metaspace       used 18139K, committed 18496K, reserved 1114112K
  class space    used 2464K, committed 2624K, reserved 1048576K
}
Event: 1.071 GC heap after
{Heap after GC invocations=3 (full 0):
 garbage-first heap   total 389120K, used 12547K [0x0000000684c00000, 0x0000000800000000)
  region size 4096K, 2 young (8192K), 2 survivors (8192K)
 Metaspace       used 18139K, committed 18496K, reserved 1114112K
  class space    used 2464K, committed 2624K, reserved 1048576K
}
Event: 1.334 GC heap before
{Heap before GC invocations=3 (full 0):
 garbage-first heap   total 389120K, used 49411K [0x0000000684c00000, 0x0000000800000000)
  region size 4096K, 12 young (49152K), 2 survivors (8192K)
 Metaspace       used 21160K, committed 21504K, reserved 1114112K
  class space    used 2863K, committed 3008K, reserved 1048576K
}
Event: 1.338 GC heap after
{Heap after GC invocations=4 (full 0):
 garbage-first heap   total 389120K, used 16340K [0x0000000684c00000, 0x0000000800000000)
  region size 4096K, 2 young (8192K), 2 survivors (8192K)
 Metaspace       used 21160K, committed 21504K, reserved 1114112K
  class space    used 2863K, committed 3008K, reserved 1048576K
}
Event: 1.685 GC heap before
{Heap before GC invocations=5 (full 0):
 garbage-first heap   total 81920K, used 53204K [0x0000000684c00000, 0x0000000800000000)
  region size 4096K, 12 young (49152K), 2 survivors (8192K)
 Metaspace       used 25549K, committed 26048K, reserved 1114112K
  class space    used 3519K, committed 3776K, reserved 1048576K
}
Event: 1.691 GC heap after
{Heap after GC invocations=6 (full 0):
 garbage-first heap   total 81920K, used 18304K [0x0000000684c00000, 0x0000000800000000)
  region size 4096K, 3 young (12288K), 3 survivors (12288K)
 Metaspace       used 25549K, committed 26048K, reserved 1114112K
  class space    used 3519K, committed 3776K, reserved 1048576K
}
Event: 1.741 GC heap before
{Heap before GC invocations=6 (full 0):
 garbage-first heap   total 81920K, used 22400K [0x0000000684c00000, 0x0000000800000000)
  region size 4096K, 4 young (16384K), 3 survivors (12288K)
 Metaspace       used 26243K, committed 26624K, reserved 1114112K
  class space    used 3637K, committed 3840K, reserved 1048576K
}
Event: 1.747 GC heap after
{Heap after GC invocations=7 (full 0):
 garbage-first heap   total 81920K, used 19151K [0x0000000684c00000, 0x0000000800000000)
  region size 4096K, 1 young (4096K), 1 survivors (4096K)
 Metaspace       used 26243K, committed 26624K, reserved 1114112K
  class space    used 3637K, committed 3840K, reserved 1048576K
}
Event: 2.057 GC heap before
{Heap before GC invocations=7 (full 0):
 garbage-first heap   total 81920K, used 51919K [0x0000000684c00000, 0x0000000800000000)
  region size 4096K, 9 young (36864K), 1 survivors (4096K)
 Metaspace       used 29958K, committed 30400K, reserved 1114112K
  class space    used 4256K, committed 4480K, reserved 1048576K
}
Event: 2.062 GC heap after
{Heap after GC invocations=8 (full 0):
 garbage-first heap   total 81920K, used 20885K [0x0000000684c00000, 0x0000000800000000)
  region size 4096K, 1 young (4096K), 1 survivors (4096K)
 Metaspace       used 29958K, committed 30400K, reserved 1114112K
  class space    used 4256K, committed 4480K, reserved 1048576K
}
Event: 2.394 GC heap before
{Heap before GC invocations=8 (full 0):
 garbage-first heap   total 81920K, used 53653K [0x0000000684c00000, 0x0000000800000000)
  region size 4096K, 9 young (36864K), 1 survivors (4096K)
 Metaspace       used 35354K, committed 35840K, reserved 1114112K
  class space    used 4976K, committed 5184K, reserved 1048576K
}
Event: 2.398 GC heap after
{Heap after GC invocations=9 (full 0):
 garbage-first heap   total 237568K, used 23086K [0x0000000684c00000, 0x0000000800000000)
  region size 4096K, 2 young (8192K), 2 survivors (8192K)
 Metaspace       used 35354K, committed 35840K, reserved 1114112K
  class space    used 4976K, committed 5184K, reserved 1048576K
}
Event: 2.413 GC heap before
{Heap before GC invocations=9 (full 0):
 garbage-first heap   total 237568K, used 23086K [0x0000000684c00000, 0x0000000800000000)
  region size 4096K, 3 young (12288K), 2 survivors (8192K)
 Metaspace       used 35723K, committed 36160K, reserved 1114112K
  class space    used 5024K, committed 5248K, reserved 1048576K
}
Event: 2.417 GC heap after
{Heap after GC invocations=10 (full 0):
 garbage-first heap   total 237568K, used 23081K [0x0000000684c00000, 0x0000000800000000)
  region size 4096K, 2 young (8192K), 2 survivors (8192K)
 Metaspace       used 35723K, committed 36160K, reserved 1114112K
  class space    used 5024K, committed 5248K, reserved 1048576K
}

